2022-08-12 01:58:08 ERROR Attribute 'schemaLocation' does not have a match in class com.novatronic.pscabas.gt.webcore.domains.esquema.DocAplicacion at line 9
org.simpleframework.xml.core.AttributeException: Attribute 'schemaLocation' does not have a match in class com.novatronic.pscabas.gt.webcore.domains.esquema.DocAplicacion at line 9
	at org.simpleframework.xml.core.Composite.readAttribute(Composite.java:494) ~[simple-xml-2.7.1.jar:?]
	at org.simpleframework.xml.core.Composite.readAttributes(Composite.java:413) ~[simple-xml-2.7.1.jar:?]
	at org.simpleframework.xml.core.Composite.access$300(Composite.java:59) ~[simple-xml-2.7.1.jar:?]
	at org.simpleframework.xml.core.Composite$Builder.read(Composite.java:1382) ~[simple-xml-2.7.1.jar:?]
	at org.simpleframework.xml.core.Composite.read(Composite.java:201) ~[simple-xml-2.7.1.jar:?]
	at org.simpleframework.xml.core.Composite.read(Composite.java:148) ~[simple-xml-2.7.1.jar:?]
	at org.simpleframework.xml.core.Traverser.read(Traverser.java:92) ~[simple-xml-2.7.1.jar:?]
	at org.simpleframework.xml.core.Persister.read(Persister.java:625) ~[simple-xml-2.7.1.jar:?]
	at org.simpleframework.xml.core.Persister.read(Persister.java:606) ~[simple-xml-2.7.1.jar:?]
	at org.simpleframework.xml.core.Persister.read(Persister.java:584) ~[simple-xml-2.7.1.jar:?]
	at org.simpleframework.xml.core.Persister.read(Persister.java:543) ~[simple-xml-2.7.1.jar:?]
	at org.simpleframework.xml.core.Persister.read(Persister.java:521) ~[simple-xml-2.7.1.jar:?]
	at org.simpleframework.xml.core.Persister.read(Persister.java:426) ~[simple-xml-2.7.1.jar:?]
	at com.novatronic.pscabas.gt.webcore.services.implement.AplicacionMigradorServiceImpl.migrarAplicacion(AplicacionMigradorServiceImpl.java:26) ~[classes/:?]
	at com.novatronic.pscabas.gt.webcore.controller.AplicacionMigradorController.migrarAplicacion(AplicacionMigradorController.java:31) ~[classes/:?]
	at jdk.internal.reflect.NativeMethodAccessorImpl.invoke0(Native Method) ~[?:?]
	at jdk.internal.reflect.NativeMethodAccessorImpl.invoke(NativeMethodAccessorImpl.java:77) ~[?:?]
	at jdk.internal.reflect.DelegatingMethodAccessorImpl.invoke(DelegatingMethodAccessorImpl.java:43) ~[?:?]
	at java.lang.reflect.Method.invoke(Method.java:568) ~[?:?]
	at org.springframework.web.method.support.InvocableHandlerMethod.doInvoke(InvocableHandlerMethod.java:205) ~[spring-web-5.3.20.jar:5.3.20]
	at org.springframework.web.method.support.InvocableHandlerMethod.invokeForRequest(InvocableHandlerMethod.java:150) ~[spring-web-5.3.20.jar:5.3.20]
	at org.springframework.web.servlet.mvc.method.annotation.ServletInvocableHandlerMethod.invokeAndHandle(ServletInvocableHandlerMethod.java:117) ~[spring-webmvc-5.3.20.jar:5.3.20]
	at org.springframework.web.servlet.mvc.method.annotation.RequestMappingHandlerAdapter.invokeHandlerMethod(RequestMappingHandlerAdapter.java:895) ~[spring-webmvc-5.3.20.jar:5.3.20]
	at org.springframework.web.servlet.mvc.method.annotation.RequestMappingHandlerAdapter.handleInternal(RequestMappingHandlerAdapter.java:808) ~[spring-webmvc-5.3.20.jar:5.3.20]
	at org.springframework.web.servlet.mvc.method.AbstractHandlerMethodAdapter.handle(AbstractHandlerMethodAdapter.java:87) ~[spring-webmvc-5.3.20.jar:5.3.20]
	at org.springframework.web.servlet.DispatcherServlet.doDispatch(DispatcherServlet.java:1067) ~[spring-webmvc-5.3.20.jar:5.3.20]
	at org.springframework.web.servlet.DispatcherServlet.doService(DispatcherServlet.java:963) ~[spring-webmvc-5.3.20.jar:5.3.20]
	at org.springframework.web.servlet.FrameworkServlet.processRequest(FrameworkServlet.java:1006) ~[spring-webmvc-5.3.20.jar:5.3.20]
	at org.springframework.web.servlet.FrameworkServlet.doGet(FrameworkServlet.java:898) ~[spring-webmvc-5.3.20.jar:5.3.20]
	at javax.servlet.http.HttpServlet.service(HttpServlet.java:655) ~[tomcat-embed-core-9.0.63.jar:4.0.FR]
	at org.springframework.web.servlet.FrameworkServlet.service(FrameworkServlet.java:883) ~[spring-webmvc-5.3.20.jar:5.3.20]
	at javax.servlet.http.HttpServlet.service(HttpServlet.java:764) ~[tomcat-embed-core-9.0.63.jar:4.0.FR]
	at org.apache.catalina.core.ApplicationFilterChain.internalDoFilter(ApplicationFilterChain.java:227) ~[tomcat-embed-core-9.0.63.jar:9.0.63]
	at org.apache.catalina.core.ApplicationFilterChain.doFilter(ApplicationFilterChain.java:162) ~[tomcat-embed-core-9.0.63.jar:9.0.63]
	at org.apache.tomcat.websocket.server.WsFilter.doFilter(WsFilter.java:53) ~[tomcat-embed-websocket-9.0.63.jar:9.0.63]
	at org.apache.catalina.core.ApplicationFilterChain.internalDoFilter(ApplicationFilterChain.java:189) ~[tomcat-embed-core-9.0.63.jar:9.0.63]
	at org.apache.catalina.core.ApplicationFilterChain.doFilter(ApplicationFilterChain.java:162) ~[tomcat-embed-core-9.0.63.jar:9.0.63]
	at org.springframework.web.filter.CharacterEncodingFilter.doFilterInternal(CharacterEncodingFilter.java:201) ~[spring-web-5.3.20.jar:5.3.20]
	at org.springframework.web.filter.OncePerRequestFilter.doFilter(OncePerRequestFilter.java:117) ~[spring-web-5.3.20.jar:5.3.20]
	at org.apache.catalina.core.ApplicationFilterChain.internalDoFilter(ApplicationFilterChain.java:189) ~[tomcat-embed-core-9.0.63.jar:9.0.63]
	at org.apache.catalina.core.ApplicationFilterChain.doFilter(ApplicationFilterChain.java:162) ~[tomcat-embed-core-9.0.63.jar:9.0.63]
	at org.apache.catalina.core.StandardWrapperValve.invoke(StandardWrapperValve.java:197) ~[tomcat-embed-core-9.0.63.jar:9.0.63]
	at org.apache.catalina.core.StandardContextValve.invoke(StandardContextValve.java:97) ~[tomcat-embed-core-9.0.63.jar:9.0.63]
	at org.apache.catalina.authenticator.AuthenticatorBase.invoke(AuthenticatorBase.java:541) ~[tomcat-embed-core-9.0.63.jar:9.0.63]
	at org.apache.catalina.core.StandardHostValve.invoke(StandardHostValve.java:135) ~[tomcat-embed-core-9.0.63.jar:9.0.63]
	at org.apache.catalina.valves.ErrorReportValve.invoke(ErrorReportValve.java:92) ~[tomcat-embed-core-9.0.63.jar:9.0.63]
	at org.apache.catalina.core.StandardEngineValve.invoke(StandardEngineValve.java:78) ~[tomcat-embed-core-9.0.63.jar:9.0.63]
	at org.apache.catalina.connector.CoyoteAdapter.service(CoyoteAdapter.java:360) ~[tomcat-embed-core-9.0.63.jar:9.0.63]
	at org.apache.coyote.http11.Http11Processor.service(Http11Processor.java:399) ~[tomcat-embed-core-9.0.63.jar:9.0.63]
	at org.apache.coyote.AbstractProcessorLight.process(AbstractProcessorLight.java:65) ~[tomcat-embed-core-9.0.63.jar:9.0.63]
	at org.apache.coyote.AbstractProtocol$ConnectionHandler.process(AbstractProtocol.java:890) ~[tomcat-embed-core-9.0.63.jar:9.0.63]
	at org.apache.tomcat.util.net.NioEndpoint$SocketProcessor.doRun(NioEndpoint.java:1743) ~[tomcat-embed-core-9.0.63.jar:9.0.63]
	at org.apache.tomcat.util.net.SocketProcessorBase.run(SocketProcessorBase.java:49) ~[tomcat-embed-core-9.0.63.jar:9.0.63]
	at org.apache.tomcat.util.threads.ThreadPoolExecutor.runWorker(ThreadPoolExecutor.java:1191) ~[tomcat-embed-core-9.0.63.jar:9.0.63]
	at org.apache.tomcat.util.threads.ThreadPoolExecutor$Worker.run(ThreadPoolExecutor.java:659) ~[tomcat-embed-core-9.0.63.jar:9.0.63]
	at org.apache.tomcat.util.threads.TaskThread$WrappingRunnable.run(TaskThread.java:61) ~[tomcat-embed-core-9.0.63.jar:9.0.63]
	at java.lang.Thread.run(Thread.java:833) ~[?:?]
2022-08-12 02:36:37 ERROR Attribute 'cifrado' does not have a match in class com.novatronic.pscabas.gt.webcore.domains.esquema.DocAplicacion at line 2
org.simpleframework.xml.core.AttributeException: Attribute 'cifrado' does not have a match in class com.novatronic.pscabas.gt.webcore.domains.esquema.DocAplicacion at line 2
	at org.simpleframework.xml.core.Composite.readAttribute(Composite.java:494) ~[simple-xml-2.7.1.jar:?]
	at org.simpleframework.xml.core.Composite.readAttributes(Composite.java:413) ~[simple-xml-2.7.1.jar:?]
	at org.simpleframework.xml.core.Composite.access$300(Composite.java:59) ~[simple-xml-2.7.1.jar:?]
	at org.simpleframework.xml.core.Composite$Builder.read(Composite.java:1382) ~[simple-xml-2.7.1.jar:?]
	at org.simpleframework.xml.core.Composite.read(Composite.java:201) ~[simple-xml-2.7.1.jar:?]
	at org.simpleframework.xml.core.Composite.read(Composite.java:148) ~[simple-xml-2.7.1.jar:?]
	at org.simpleframework.xml.core.Traverser.read(Traverser.java:92) ~[simple-xml-2.7.1.jar:?]
	at org.simpleframework.xml.core.Persister.read(Persister.java:625) ~[simple-xml-2.7.1.jar:?]
	at org.simpleframework.xml.core.Persister.read(Persister.java:606) ~[simple-xml-2.7.1.jar:?]
	at org.simpleframework.xml.core.Persister.read(Persister.java:584) ~[simple-xml-2.7.1.jar:?]
	at org.simpleframework.xml.core.Persister.read(Persister.java:543) ~[simple-xml-2.7.1.jar:?]
	at org.simpleframework.xml.core.Persister.read(Persister.java:521) ~[simple-xml-2.7.1.jar:?]
	at org.simpleframework.xml.core.Persister.read(Persister.java:426) ~[simple-xml-2.7.1.jar:?]
	at com.novatronic.pscabas.gt.webcore.services.implement.AplicacionMigradorServiceImpl.migrarAplicacion(AplicacionMigradorServiceImpl.java:26) ~[classes/:?]
	at com.novatronic.pscabas.gt.webcore.controller.AplicacionMigradorController.migrarAplicacion(AplicacionMigradorController.java:31) ~[classes/:?]
	at jdk.internal.reflect.NativeMethodAccessorImpl.invoke0(Native Method) ~[?:?]
	at jdk.internal.reflect.NativeMethodAccessorImpl.invoke(NativeMethodAccessorImpl.java:77) ~[?:?]
	at jdk.internal.reflect.DelegatingMethodAccessorImpl.invoke(DelegatingMethodAccessorImpl.java:43) ~[?:?]
	at java.lang.reflect.Method.invoke(Method.java:568) ~[?:?]
	at org.springframework.web.method.support.InvocableHandlerMethod.doInvoke(InvocableHandlerMethod.java:205) ~[spring-web-5.3.20.jar:5.3.20]
	at org.springframework.web.method.support.InvocableHandlerMethod.invokeForRequest(InvocableHandlerMethod.java:150) ~[spring-web-5.3.20.jar:5.3.20]
	at org.springframework.web.servlet.mvc.method.annotation.ServletInvocableHandlerMethod.invokeAndHandle(ServletInvocableHandlerMethod.java:117) ~[spring-webmvc-5.3.20.jar:5.3.20]
	at org.springframework.web.servlet.mvc.method.annotation.RequestMappingHandlerAdapter.invokeHandlerMethod(RequestMappingHandlerAdapter.java:895) ~[spring-webmvc-5.3.20.jar:5.3.20]
	at org.springframework.web.servlet.mvc.method.annotation.RequestMappingHandlerAdapter.handleInternal(RequestMappingHandlerAdapter.java:808) ~[spring-webmvc-5.3.20.jar:5.3.20]
	at org.springframework.web.servlet.mvc.method.AbstractHandlerMethodAdapter.handle(AbstractHandlerMethodAdapter.java:87) ~[spring-webmvc-5.3.20.jar:5.3.20]
	at org.springframework.web.servlet.DispatcherServlet.doDispatch(DispatcherServlet.java:1067) ~[spring-webmvc-5.3.20.jar:5.3.20]
	at org.springframework.web.servlet.DispatcherServlet.doService(DispatcherServlet.java:963) ~[spring-webmvc-5.3.20.jar:5.3.20]
	at org.springframework.web.servlet.FrameworkServlet.processRequest(FrameworkServlet.java:1006) ~[spring-webmvc-5.3.20.jar:5.3.20]
	at org.springframework.web.servlet.FrameworkServlet.doGet(FrameworkServlet.java:898) ~[spring-webmvc-5.3.20.jar:5.3.20]
	at javax.servlet.http.HttpServlet.service(HttpServlet.java:655) ~[tomcat-embed-core-9.0.63.jar:4.0.FR]
	at org.springframework.web.servlet.FrameworkServlet.service(FrameworkServlet.java:883) ~[spring-webmvc-5.3.20.jar:5.3.20]
	at javax.servlet.http.HttpServlet.service(HttpServlet.java:764) ~[tomcat-embed-core-9.0.63.jar:4.0.FR]
	at org.apache.catalina.core.ApplicationFilterChain.internalDoFilter(ApplicationFilterChain.java:227) ~[tomcat-embed-core-9.0.63.jar:9.0.63]
	at org.apache.catalina.core.ApplicationFilterChain.doFilter(ApplicationFilterChain.java:162) ~[tomcat-embed-core-9.0.63.jar:9.0.63]
	at org.apache.tomcat.websocket.server.WsFilter.doFilter(WsFilter.java:53) ~[tomcat-embed-websocket-9.0.63.jar:9.0.63]
	at org.apache.catalina.core.ApplicationFilterChain.internalDoFilter(ApplicationFilterChain.java:189) ~[tomcat-embed-core-9.0.63.jar:9.0.63]
	at org.apache.catalina.core.ApplicationFilterChain.doFilter(ApplicationFilterChain.java:162) ~[tomcat-embed-core-9.0.63.jar:9.0.63]
	at org.springframework.web.filter.CharacterEncodingFilter.doFilterInternal(CharacterEncodingFilter.java:201) ~[spring-web-5.3.20.jar:5.3.20]
	at org.springframework.web.filter.OncePerRequestFilter.doFilter(OncePerRequestFilter.java:117) ~[spring-web-5.3.20.jar:5.3.20]
	at org.apache.catalina.core.ApplicationFilterChain.internalDoFilter(ApplicationFilterChain.java:189) ~[tomcat-embed-core-9.0.63.jar:9.0.63]
	at org.apache.catalina.core.ApplicationFilterChain.doFilter(ApplicationFilterChain.java:162) ~[tomcat-embed-core-9.0.63.jar:9.0.63]
	at org.apache.catalina.core.StandardWrapperValve.invoke(StandardWrapperValve.java:197) ~[tomcat-embed-core-9.0.63.jar:9.0.63]
	at org.apache.catalina.core.StandardContextValve.invoke(StandardContextValve.java:97) ~[tomcat-embed-core-9.0.63.jar:9.0.63]
	at org.apache.catalina.authenticator.AuthenticatorBase.invoke(AuthenticatorBase.java:541) ~[tomcat-embed-core-9.0.63.jar:9.0.63]
	at org.apache.catalina.core.StandardHostValve.invoke(StandardHostValve.java:135) ~[tomcat-embed-core-9.0.63.jar:9.0.63]
	at org.apache.catalina.valves.ErrorReportValve.invoke(ErrorReportValve.java:92) ~[tomcat-embed-core-9.0.63.jar:9.0.63]
	at org.apache.catalina.core.StandardEngineValve.invoke(StandardEngineValve.java:78) ~[tomcat-embed-core-9.0.63.jar:9.0.63]
	at org.apache.catalina.connector.CoyoteAdapter.service(CoyoteAdapter.java:360) ~[tomcat-embed-core-9.0.63.jar:9.0.63]
	at org.apache.coyote.http11.Http11Processor.service(Http11Processor.java:399) ~[tomcat-embed-core-9.0.63.jar:9.0.63]
	at org.apache.coyote.AbstractProcessorLight.process(AbstractProcessorLight.java:65) ~[tomcat-embed-core-9.0.63.jar:9.0.63]
	at org.apache.coyote.AbstractProtocol$ConnectionHandler.process(AbstractProtocol.java:890) ~[tomcat-embed-core-9.0.63.jar:9.0.63]
	at org.apache.tomcat.util.net.NioEndpoint$SocketProcessor.doRun(NioEndpoint.java:1743) ~[tomcat-embed-core-9.0.63.jar:9.0.63]
	at org.apache.tomcat.util.net.SocketProcessorBase.run(SocketProcessorBase.java:49) ~[tomcat-embed-core-9.0.63.jar:9.0.63]
	at org.apache.tomcat.util.threads.ThreadPoolExecutor.runWorker(ThreadPoolExecutor.java:1191) ~[tomcat-embed-core-9.0.63.jar:9.0.63]
	at org.apache.tomcat.util.threads.ThreadPoolExecutor$Worker.run(ThreadPoolExecutor.java:659) ~[tomcat-embed-core-9.0.63.jar:9.0.63]
	at org.apache.tomcat.util.threads.TaskThread$WrappingRunnable.run(TaskThread.java:61) ~[tomcat-embed-core-9.0.63.jar:9.0.63]
	at java.lang.Thread.run(Thread.java:833) ~[?:?]
2022-08-12 02:37:40 ERROR Attribute 'cifrado' does not have a match in class com.novatronic.pscabas.gt.webcore.domains.esquema.DocAplicacion at line 2
org.simpleframework.xml.core.AttributeException: Attribute 'cifrado' does not have a match in class com.novatronic.pscabas.gt.webcore.domains.esquema.DocAplicacion at line 2
	at org.simpleframework.xml.core.Composite.readAttribute(Composite.java:494) ~[simple-xml-2.7.1.jar:?]
	at org.simpleframework.xml.core.Composite.readAttributes(Composite.java:413) ~[simple-xml-2.7.1.jar:?]
	at org.simpleframework.xml.core.Composite.access$300(Composite.java:59) ~[simple-xml-2.7.1.jar:?]
	at org.simpleframework.xml.core.Composite$Builder.read(Composite.java:1382) ~[simple-xml-2.7.1.jar:?]
	at org.simpleframework.xml.core.Composite.read(Composite.java:201) ~[simple-xml-2.7.1.jar:?]
	at org.simpleframework.xml.core.Composite.read(Composite.java:148) ~[simple-xml-2.7.1.jar:?]
	at org.simpleframework.xml.core.Traverser.read(Traverser.java:92) ~[simple-xml-2.7.1.jar:?]
	at org.simpleframework.xml.core.Persister.read(Persister.java:625) ~[simple-xml-2.7.1.jar:?]
	at org.simpleframework.xml.core.Persister.read(Persister.java:606) ~[simple-xml-2.7.1.jar:?]
	at org.simpleframework.xml.core.Persister.read(Persister.java:584) ~[simple-xml-2.7.1.jar:?]
	at org.simpleframework.xml.core.Persister.read(Persister.java:543) ~[simple-xml-2.7.1.jar:?]
	at org.simpleframework.xml.core.Persister.read(Persister.java:521) ~[simple-xml-2.7.1.jar:?]
	at org.simpleframework.xml.core.Persister.read(Persister.java:426) ~[simple-xml-2.7.1.jar:?]
	at com.novatronic.pscabas.gt.webcore.services.implement.AplicacionMigradorServiceImpl.migrarAplicacion(AplicacionMigradorServiceImpl.java:26) ~[classes/:?]
	at com.novatronic.pscabas.gt.webcore.controller.AplicacionMigradorController.migrarAplicacion(AplicacionMigradorController.java:31) ~[classes/:?]
	at jdk.internal.reflect.NativeMethodAccessorImpl.invoke0(Native Method) ~[?:?]
	at jdk.internal.reflect.NativeMethodAccessorImpl.invoke(NativeMethodAccessorImpl.java:77) ~[?:?]
	at jdk.internal.reflect.DelegatingMethodAccessorImpl.invoke(DelegatingMethodAccessorImpl.java:43) ~[?:?]
	at java.lang.reflect.Method.invoke(Method.java:568) ~[?:?]
	at org.springframework.web.method.support.InvocableHandlerMethod.doInvoke(InvocableHandlerMethod.java:205) ~[spring-web-5.3.20.jar:5.3.20]
	at org.springframework.web.method.support.InvocableHandlerMethod.invokeForRequest(InvocableHandlerMethod.java:150) ~[spring-web-5.3.20.jar:5.3.20]
	at org.springframework.web.servlet.mvc.method.annotation.ServletInvocableHandlerMethod.invokeAndHandle(ServletInvocableHandlerMethod.java:117) ~[spring-webmvc-5.3.20.jar:5.3.20]
	at org.springframework.web.servlet.mvc.method.annotation.RequestMappingHandlerAdapter.invokeHandlerMethod(RequestMappingHandlerAdapter.java:895) ~[spring-webmvc-5.3.20.jar:5.3.20]
	at org.springframework.web.servlet.mvc.method.annotation.RequestMappingHandlerAdapter.handleInternal(RequestMappingHandlerAdapter.java:808) ~[spring-webmvc-5.3.20.jar:5.3.20]
	at org.springframework.web.servlet.mvc.method.AbstractHandlerMethodAdapter.handle(AbstractHandlerMethodAdapter.java:87) ~[spring-webmvc-5.3.20.jar:5.3.20]
	at org.springframework.web.servlet.DispatcherServlet.doDispatch(DispatcherServlet.java:1067) ~[spring-webmvc-5.3.20.jar:5.3.20]
	at org.springframework.web.servlet.DispatcherServlet.doService(DispatcherServlet.java:963) ~[spring-webmvc-5.3.20.jar:5.3.20]
	at org.springframework.web.servlet.FrameworkServlet.processRequest(FrameworkServlet.java:1006) ~[spring-webmvc-5.3.20.jar:5.3.20]
	at org.springframework.web.servlet.FrameworkServlet.doGet(FrameworkServlet.java:898) ~[spring-webmvc-5.3.20.jar:5.3.20]
	at javax.servlet.http.HttpServlet.service(HttpServlet.java:655) ~[tomcat-embed-core-9.0.63.jar:4.0.FR]
	at org.springframework.web.servlet.FrameworkServlet.service(FrameworkServlet.java:883) ~[spring-webmvc-5.3.20.jar:5.3.20]
	at javax.servlet.http.HttpServlet.service(HttpServlet.java:764) ~[tomcat-embed-core-9.0.63.jar:4.0.FR]
	at org.apache.catalina.core.ApplicationFilterChain.internalDoFilter(ApplicationFilterChain.java:227) ~[tomcat-embed-core-9.0.63.jar:9.0.63]
	at org.apache.catalina.core.ApplicationFilterChain.doFilter(ApplicationFilterChain.java:162) ~[tomcat-embed-core-9.0.63.jar:9.0.63]
	at org.apache.tomcat.websocket.server.WsFilter.doFilter(WsFilter.java:53) ~[tomcat-embed-websocket-9.0.63.jar:9.0.63]
	at org.apache.catalina.core.ApplicationFilterChain.internalDoFilter(ApplicationFilterChain.java:189) ~[tomcat-embed-core-9.0.63.jar:9.0.63]
	at org.apache.catalina.core.ApplicationFilterChain.doFilter(ApplicationFilterChain.java:162) ~[tomcat-embed-core-9.0.63.jar:9.0.63]
	at org.springframework.web.filter.CharacterEncodingFilter.doFilterInternal(CharacterEncodingFilter.java:201) ~[spring-web-5.3.20.jar:5.3.20]
	at org.springframework.web.filter.OncePerRequestFilter.doFilter(OncePerRequestFilter.java:117) ~[spring-web-5.3.20.jar:5.3.20]
	at org.apache.catalina.core.ApplicationFilterChain.internalDoFilter(ApplicationFilterChain.java:189) ~[tomcat-embed-core-9.0.63.jar:9.0.63]
	at org.apache.catalina.core.ApplicationFilterChain.doFilter(ApplicationFilterChain.java:162) ~[tomcat-embed-core-9.0.63.jar:9.0.63]
	at org.apache.catalina.core.StandardWrapperValve.invoke(StandardWrapperValve.java:197) ~[tomcat-embed-core-9.0.63.jar:9.0.63]
	at org.apache.catalina.core.StandardContextValve.invoke(StandardContextValve.java:97) ~[tomcat-embed-core-9.0.63.jar:9.0.63]
	at org.apache.catalina.authenticator.AuthenticatorBase.invoke(AuthenticatorBase.java:541) ~[tomcat-embed-core-9.0.63.jar:9.0.63]
	at org.apache.catalina.core.StandardHostValve.invoke(StandardHostValve.java:135) ~[tomcat-embed-core-9.0.63.jar:9.0.63]
	at org.apache.catalina.valves.ErrorReportValve.invoke(ErrorReportValve.java:92) ~[tomcat-embed-core-9.0.63.jar:9.0.63]
	at org.apache.catalina.core.StandardEngineValve.invoke(StandardEngineValve.java:78) ~[tomcat-embed-core-9.0.63.jar:9.0.63]
	at org.apache.catalina.connector.CoyoteAdapter.service(CoyoteAdapter.java:360) ~[tomcat-embed-core-9.0.63.jar:9.0.63]
	at org.apache.coyote.http11.Http11Processor.service(Http11Processor.java:399) ~[tomcat-embed-core-9.0.63.jar:9.0.63]
	at org.apache.coyote.AbstractProcessorLight.process(AbstractProcessorLight.java:65) ~[tomcat-embed-core-9.0.63.jar:9.0.63]
	at org.apache.coyote.AbstractProtocol$ConnectionHandler.process(AbstractProtocol.java:890) ~[tomcat-embed-core-9.0.63.jar:9.0.63]
	at org.apache.tomcat.util.net.NioEndpoint$SocketProcessor.doRun(NioEndpoint.java:1743) ~[tomcat-embed-core-9.0.63.jar:9.0.63]
	at org.apache.tomcat.util.net.SocketProcessorBase.run(SocketProcessorBase.java:49) ~[tomcat-embed-core-9.0.63.jar:9.0.63]
	at org.apache.tomcat.util.threads.ThreadPoolExecutor.runWorker(ThreadPoolExecutor.java:1191) ~[tomcat-embed-core-9.0.63.jar:9.0.63]
	at org.apache.tomcat.util.threads.ThreadPoolExecutor$Worker.run(ThreadPoolExecutor.java:659) ~[tomcat-embed-core-9.0.63.jar:9.0.63]
	at org.apache.tomcat.util.threads.TaskThread$WrappingRunnable.run(TaskThread.java:61) ~[tomcat-embed-core-9.0.63.jar:9.0.63]
	at java.lang.Thread.run(Thread.java:833) ~[?:?]
